Key: 49 State: 1, desc: N 
Key: 16 State: 1, desc: A 
Key: 39 State: 1, desc: M 
Key: 16 State: 1, desc: A 
Key: 38 State: 1, desc: L 
Key: 22 State: 1, desc: U 
Key: 2 State: 1, desc: 1 
Key: 2 State: 1, desc: 1 
Key: 57 State: 1, desc: space 
Key: 21 State: 1, desc: y 
Key: 18 State: 1, desc: e 
Key: 31 State: 1, desc: s 
Key: 57 State: 1, desc: space 
Key: 46 State: 1, desc: c 
Key: 5 State: 1, desc: apostrophe 
Key: 18 State: 1, desc: e 
Key: 31 State: 1, desc: s 
Key: 20 State: 1, desc: t 
Key: 57 State: 1, desc: space 
Key: 39 State: 1, desc: m 
Key: 24 State: 1, desc: o 
Key: 49 State: 1, desc: n 
Key: 57 State: 1, desc: space 
Key: 39 State: 1, desc: m 
Key: 24 State: 1, desc: o 
Key: 20 State: 1, desc: t 
Key: 57 State: 1, desc: space 
Key: 32 State: 1, desc: d 
Key: 18 State: 1, desc: e 
Key: 57 State: 1, desc: space 
Key: 25 State: 1, desc: p 
Key: 16 State: 1, desc: a 
Key: 31 State: 1, desc: s 
Key: 31 State: 1, desc: s 
Key: 57 State: 1, desc: space 
Key: 52 State: 1, desc: colon 
Key: 12 State: 1, desc: parenright 
Key: 57 State: 1, desc: space 
Key: 52 State: 1, desc: slash 
Key: 12 State: 1, desc: degree 
Key: 100 State: 1, desc: NoSymbol 
Key: 52 State: 1, desc: slash 
Key: 28 State: 1, desc: Return 
Key: 28 State: 1, desc: Return 
Key: 46 State: 1, desc: c 
Key: 100 State: 1, desc: NoSymbol 
Key: 52 State: 1, desc: slash 
Key: 52 State: 1, desc: slash 
Key: 52 State: 1, desc: slash 
Key: 52 State: 1, desc: slash 
Key: 52 State: 1, desc: slash 
Key: 52 State: 1, desc: slash 
Key: 46 State: 1, desc: c 
Key: 52 State: 1, desc: backslash 
Key: 52 State: 1, desc: backslash 
Key: 52 State: 1, desc: backslash 
Key: 52 State: 1, desc: slash 
Key: 100 State: 1, desc: NoSymbol 
Key: 52 State: 1, desc: slash 
Key: 52 State: 1, desc: slash 
Key: 52 State: 1, desc: slash 
Key: 52 State: 1, desc: backslash 
Key: 52 State: 1, desc: backslash 
Key: 52 State: 1, desc: slash 
Key: 52 State: 1, desc: slash 
Key: 52 State: 1, desc: backslash 
Key: 52 State: 1, desc: backslash 
Key: 46 State: 1, desc: c 
Key: 16 State: 1, desc: a 
Key: 100 State: 1, desc: Up 
Key: 100 State: 1, desc: Up 
Key: 100 State: 1, desc: Up 
Key: 100 State: 1, desc: Up 
Key: 100 State: 1, desc: Up 
Key: 100 State: 1, desc: Up 
Key: 100 State: 1, desc: Up 
Key: 100 State: 1, desc: Up 
Key: 100 State: 1, desc: Up 
Key: 100 State: 1, desc: Up 
Key: 100 State: 1, desc: Up 
Key: 100 State: 1, desc: Up 
Key: 100 State: 1, desc: Up 
Key: 16 State: 1, desc: a 
Key: 16 State: 1, desc: a 
Key: 16 State: 1, desc: A 
Key: 100 State: 1, desc: NoSymbol 
Key: 100 State: 1, desc: NoSymbol 
Key: 16 State: 1, desc: a 
Key: 16 State: 1, desc: a 
Key: 16 State: 1, desc: a 
Key: 100 State: 1, desc: Up 
Key: 100 State: 1, desc: Up 
Key: 100 State: 1, desc: Up 
Key: 100 State: 1, desc: Up 
Key: 16 State: 1, desc: a 
Key: 16 State: 1, desc: a 
Key: 28 State: 1, desc: Return 
Key: 15 State: 1, desc: Tab 
Key: 32 State: 1, desc: d 
Key: 25 State: 1, desc: p 
Key: 19 State: 1, desc: r 
Key: 23 State: 1, desc: i 
Key: 49 State: 1, desc: n 
Key: 20 State: 1, desc: t 
Key: 33 State: 1, desc: f 
Key: 6 State: 1, desc: parenleft 
Key: 106 State: 1, desc: Next 
Key: 105 State: 1, desc: Down 
Key: 2 State: 1, desc: 1 
Key: 50 State: 1, desc: comma 
Key: 57 State: 1, desc: space 
Key: 4 State: 1, desc: quotedbl 
Key: 4 State: 1, desc: quotedbl 
Key: 105 State: 1, desc: Down 
Key: 16 State: 1, desc: A 
Key: 14 State: 1, desc: BackSpace 
Key: 37 State: 1, desc: K 
Key: 53 State: 1, desc: equal 
Key: 40 State: 1, desc: percent 
Key: 32 State: 1, desc: d 
Key: 106 State: 1, desc: Next 
Key: 50 State: 1, desc: comma 
Key: 57 State: 1, desc: space 
Key: 37 State: 1, desc: k 
Key: 38 State: 1, desc: l 
Key: 34 State: 1, desc: g 
Key: 13 State: 1, desc: minus 
Key: 86 State: 1, desc: F11 
Key: 18 State: 1, desc: e 
Key: 47 State: 1, desc: v 
Key: 28 State: 1, desc: Return 
Key: 51 State: 1, desc: period 
Key: 46 State: 1, desc: c 
Key: 28 State: 1, desc: Return 
Key: 31 State: 1, desc: s 
Key: 106 State: 1, desc: Next 
Key: 51 State: 1, desc: semicolon 
Key: 31 State: 1, desc: s 
Key: 103 State: 1, desc: Right 
Key: 46 State: 1, desc: c 
Key: 16 State: 1, desc: a 
Key: 16 State: 1, desc: a 
Key: 100 State: 1, desc: Up 
Key: 100 State: 1, desc: Up 
Key: 100 State: 1, desc: Up 
Key: 100 State: 1, desc: Up 
Key: 100 State: 1, desc: Up 
Key: 100 State: 1, desc: Up 
Key: 100 State: 1, desc: Up 
Key: 100 State: 1, desc: Up 
Key: 100 State: 1, desc: Up 
Key: 46 State: 1, desc: c 
Key: 16 State: 1, desc: a 
Key: 45 State: 1, desc: x 
Key: 103 State: 1, desc: Right 
Key: 103 State: 1, desc: Right 
Key: 100 State: 1, desc: Up 
Key: 100 State: 1, desc: Up 
Key: 100 State: 1, desc: Up 
Key: 100 State: 1, desc: Up 
Key: 31 State: 1, desc: s 
Key: 46 State: 1, desc: c 
Key: 16 State: 1, desc: a 
Key: 16 State: 1, desc: a 
Key: 16 State: 1, desc: a 
Key: 16 State: 1, desc: a 
Key: 17 State: 1, desc: z 
Key: 103 State: 1, desc: Right 
Key: 103 State: 1, desc: Right 
Key: 105 State: 1, desc: Down 
Key: 105 State: 1, desc: Down 
Key: 106 State: 1, desc: Next 
Key: 103 State: 1, desc: Right 
Key: 105 State: 1, desc: Down 
Key: 103 State: 1, desc: Right 
Key: 16 State: 1, desc: a 
Key: 16 State: 1, desc: A 
Key: 100 State: 1, desc: Up 
Key: 16 State: 1, desc: a 
Key: 100 State: 1, desc: Up 
Key: 16 State: 1, desc: a 
Key: 100 State: 1, desc: Up 
Key: 100 State: 1, desc: Up 
Key: 100 State: 1, desc: Up 
Key: 100 State: 1, desc: Up 
Key: 100 State: 1, desc: Up 
Key: 100 State: 1, desc: Up 
Key: 100 State: 1, desc: Up 
Key: 100 State: 1, desc: Up 
Key: 100 State: 1, desc: Up 
Key: 100 State: 1, desc: Up 
Key: 100 State: 1, desc: Up 
Key: 46 State: 1, desc: c 
Key: 46 State: 1, desc: c 
Key: 16 State: 1, desc: a 
Key: 16 State: 1, desc: a 
Key: 16 State: 1, desc: a 
Key: 16 State: 1, desc: A 
Key: 16 State: 1, desc: A 
Key: 16 State: 1, desc: AE 
Key: 16 State: 1, desc: AE 
Key: 16 State: 1, desc: ae 
Key: 16 State: 1, desc: ae 
Key: 16 State: 1, desc: ae 
Key: 16 State: 1, desc: ae 
Key: 16 State: 1, desc: AE 
Key: 16 State: 1, desc: AE 
Key: 16 State: 1, desc: AE 
Key: 16 State: 1, desc: AE 
Key: 46 State: 1, desc: c 
Key: 24 State: 1, desc: o 
Key: 24 State: 1, desc: o 
Key: 38 State: 1, desc: l 
Key: 57 State: 1, desc: space 
Key: 46 State: 1, desc: c 
Key: 16 State: 1, desc: a 
Key: 57 State: 1, desc: space 
Key: 35 State: 1, desc: h 
Key: 18 State: 1, desc: e 
Key: 35 State: 1, desc: h 
Key: 18 State: 1, desc: e 
Key: 35 State: 1, desc: h 
Key: 18 State: 1, desc: e 
Key: 57 State: 1, desc: space 
Key: 52 State: 1, desc: colon 
Key: 12 State: 1, desc: parenright 
Key: 57 State: 1, desc: space 
Key: 52 State: 1, desc: backslash 
Key: 52 State: 1, desc: backslash 
Key: 52 State: 1, desc: backslash 
Key: 52 State: 1, desc: backslash 
Key: 52 State: 1, desc: backslash 
Key: 40 State: 1, desc: U2030 
Key: 40 State: 1, desc: U2030 
Key: 40 State: 1, desc: U2030 
Key: 40 State: 1, desc: U2030 
Key: 40 State: 1, desc: U2030 
Key: 39 State: 1, desc: Oacute 
Key: 41 State: 1, desc: at 
Key: 1 State: 1, desc: Escape 
Key: 51 State: 1, desc: period 
Key: 34 State: 1, desc: g 
Key: 23 State: 1, desc: i 
Key: 20 State: 1, desc: t 
Key: 23 State: 1, desc: i 
Key: 34 State: 1, desc: g 
Key: 49 State: 1, desc: n 
Key: 24 State: 1, desc: o 
Key: 19 State: 1, desc: r 
Key: 18 State: 1, desc: e 
Key: 28 State: 1, desc: Return 
Key: 27 State: 1, desc: asterisk 
Key: 51 State: 1, desc: period 
Key: 38 State: 1, desc: l 
Key: 24 State: 1, desc: o 
Key: 34 State: 1, desc: g 
Key: 31 State: 1, desc: s 
Key: 28 State: 1, desc: Return 
Key: 27 State: 1, desc: asterisk 
Key: 51 State: 1, desc: period 
Key: 24 State: 1, desc: o 
Key: 28 State: 1, desc: Return 
Key: 31 State: 1, desc: s 
Key: 46 State: 1, desc: c 
Key: 48 State: 1, desc: b 
Key: 38 State: 1, desc: l 
Key: 16 State: 1, desc: a 
Key: 48 State: 1, desc: b 
Key: 38 State: 1, desc: l 
Key: 16 State: 1, desc: a 
Key: 48 State: 1, desc: b 
Key: 38 State: 1, desc: l 
Key: 16 State: 1, desc: a 
CTRL TRUE
Key: 31 State: 1, desc: s 
CTRL FALSE
CTRL TRUE
Key: 46 State: 1, desc: c 
